<?xml version="1.0" encoding="UTF-8"?>
<testsuite xmlns:xsi="http://www.w3.org/2001/XMLSchema-instance" xsi:noNamespaceSchemaLocation="https://maven.apache.org/surefire/maven-surefire-plugin/xsd/surefire-test-report.xsd" version="3.0.2" name="com.sky.ServeApplicationTests" time="7.036" tests="1" errors="0" skipped="0" failures="0">
  <properties>
[...]
</properties>
  <testcase name="contextLoads" classname="com.sky.ServeApplicationTests" time="0.875">
    <system-out><![CDATA[09:57:48.876 [main] INFO org.springframework.test.context.support.AnnotationConfigContextLoaderUtils -- Could not detect default configuration classes for test class [com.sky.ServeApplicationTests]: ServeApplicationTests does not declare any static, non-private, non-final, nested classes annotated with @Configuration.
09:57:49.077 [main] INFO org.springframework.boot.test.context.SpringBootTestContextBootstrapper -- Found @SpringBootConfiguration com.sky.ServeApplication for test class com.sky.ServeApplicationTests

  .   ____          _            __ _ _
 /\\ / ___'_ __ _ _(_)_ __  __ _ \ \ \ \
( ( )\___ | '_ | '_| | '_ \/ _` | \ \ \ \
 \\/  ___)| |_)| | | | | || (_| |  ) ) ) )
  '  |____| .__|_| |_|_| |_\__, | / / / /
 =========|_|==============|___/=/_/_/_/

 :: Spring Boot ::                (v3.5.9)

2026-01-17T09:57:49.877+08:00  INFO 44804 --- [serve] [           main] com.sky.ServeApplicationTests            : Starting ServeApplicationTests using Java 17.0.4.1 with PID 44804 (started by SKY in D:\My_Project\AI_Shop\AI_Shop_Serve\serve)
2026-01-17T09:57:49.879+08:00 DEBUG 44804 --- [serve] [           main] com.sky.ServeApplicationTests            : Running with Spring Boot v3.5.9, Spring v6.2.15
2026-01-17T09:57:49.881+08:00  INFO 44804 --- [serve] [           main] com.sky.ServeApplicationTests            : No active profile set, falling back to 1 default profile: "default"
2026-01-17T09:57:51.050+08:00  INFO 44804 --- [serve] [           main] .s.d.r.c.RepositoryConfigurationDelegate : Multiple Spring Data modules found, entering strict repository configuration mode
2026-01-17T09:57:51.055+08:00  INFO 44804 --- [serve] [           main] .s.d.r.c.RepositoryConfigurationDelegate : Bootstrapping Spring Data Redis repositories in DEFAULT mode.
2026-01-17T09:57:51.119+08:00  INFO 44804 --- [serve] [           main] .s.d.r.c.RepositoryConfigurationDelegate : Finished Spring Data repository scanning in 29 ms. Found 0 Redis repository interfaces.
Logging initialized using 'class org.apache.ibatis.logging.stdout.StdOutImpl' adapter.
2026-01-17T09:57:52.086+08:00 DEBUG 44804 --- [serve] [           main] c.b.m.e.s.MybatisSqlSessionFactoryBean   : Registered plugin: 'MybatisPlusInterceptor{interceptors=[PaginationInnerInterceptor(logger=org.apache.ibatis.logging.slf4j.Slf4jImpl@5a48da4f, overflow=false, maxLimit=null, dbType=MYSQL, dialect=null, optimizeJoin=true)]}'
2026-01-17T09:57:52.089+08:00 DEBUG 44804 --- [serve] [           main] c.b.m.e.s.MybatisSqlSessionFactoryBean   : Property 'mapperLocations' was not specified.
Get /172.28.80.1 network interface 
Get network interface info: name:eth22 (Hyper-V Virtual Ethernet Adapter)
Initialization Sequence datacenterId:7 workerId:5
 _ _   |_  _ _|_. ___ _ |    _ 
| | |\/|_)(_| | |_\  |_)||_|_\ 
     /               |         
                        3.5.9 
2026-01-17T09:57:54.782+08:00  INFO 44804 --- [serve] [           main] com.sky.ServeApplicationTests            : Started ServeApplicationTests in 5.41 seconds (process running for 7.076)
]]></system-out>
  </testcase>
</testsuite>